2024-02-08 12:50:57,926 level=INFO user=preeti ClusterName=cluster3    Provider=Cloudstack Project=test-1 msg=cluster3 created
2024-02-10 09:28:47,386 level=INFO user=preeti ClusterName=k8sCluster  Provider=Kubernetes Project=test-1 msg=k8sCluster created
2024-02-10 09:42:18,851 level=INFO user=preeti ClusterName=demoK8s     Provider=Kubernetes Project=test-1 msg=demoK8s created 
2024-02-10 09:59:22,442 level=INFO user=preeti ClusterName=k8s-k8s     Provider=Kubernetes Project=test-1 msg=k8s-k8s created
2024-02-10 10:23:52,900 level=INFO user=preeti ClusterName=try-k8s     Provider=Kubernetes Project=test-1 msg=try-k8s created 
2024-02-10 11:07:11,085 level=INFO user=preeti ClusterName=cluster-k8s Provider=Cloudstack Project=test-1 msg=cluster-k8s created 
2024-02-10 11:24:34,703 level=INFO user=preeti ClusterName=test        Provider=Cloudstack Project=test-1 msg=test created 
2024-02-10 11:28:14,707 level=INFO user=preeti ClusterName=test1       Provider=Cloudstack Project=test-1 msg=test1 created 
2024-02-10 11:34:05,238 level=INFO user=preeti ClusterName=test2       Provider=Cloudstack Project=test-1 msg=test2 created 
2024-02-15 10:21:28,330 level=INFO user=preeti clustername=ha-db1 provider=Cloudstack project=test-1 msg=ha-db1 created 
2024-02-15 12:12:35,384 level=INFO user=ashish clustername=ha-test provider=Cloudstack project=ashish-first-project msg=ha-test created 
2024-02-20 06:59:14,182 level=INFO user=ashish clustername=k8s provider=Kubernetes project=ashish-first-project msg=k8s created 
2024-02-20 07:06:30,583 level=INFO user=ashish clustername=hkjsahdj provider=Kubernetes project=ashish-first-project msg=hkjsahdj created 
2024-02-20 12:28:07,246 level=INFO user=ashish clustername=test-k8s provider=Kubernetes project=ashish-first-project msg=test-k8s created 
2024-03-05 09:03:45,592 level=INFO user=aastha clustername=test provider=Cloudstack project=aasthagupta1 msg=test created 
2024-03-06 08:56:12,919 level=INFO user=aastha clustername=aks provider=Kubernetes project=aasthagupta1 msg=aks created 
2024-03-06 10:06:45,669 level=INFO user=aastha clustername=k045 provider=Kubernetes project=aasthagupta1 msg=k045 created 
2024-03-06 10:49:35,318 level=INFO user=aastha clustername=c89 provider=Kubernetes project=aasthagupta1 msg=c89 created 
2024-03-06 10:53:28,089 level=INFO user=aastha clustername=cluster45 provider=Cloudstack project=aasthagupta1 msg=cluster45 created 
2024-03-06 11:01:07,490 level=INFO user=aastha clustername=cluster-cloud provider=Cloudstack project=aasthagupta1 msg=cluster-cloud created 
2024-03-06 11:14:57,429 level=INFO user=aastha clustername=k890 provider=Kubernetes project=aasthagupta1 msg=k890 created 
2024-03-07 05:17:01,071 level=INFO user=aastha clustername=cloud-k provider=Cloudstack project=aasthagupta1 msg=cloud-k created 
2024-03-07 05:19:43,058 level=INFO user=ashish clustername=hskajdh provider=Cloudstack project=ashish-first-project msg=hskajdh created 
2024-03-07 05:38:18,182 level=INFO user=ashish clustername=ankit provider=Cloudstack project=ashish-first-project msg=ankit created 
2024-03-07 06:17:40,341 level=INFO user=aastha clustername=ok provider=Cloudstack project=aasthagupta1 msg=ok created 
2024-03-07 06:42:00,460 level=INFO user=ashish clustername=ankit provider=Cloudstack project=ashish-first-project msg=ankit created 
2024-03-07 07:52:47,915 level=INFO user=ankit clustername=ankit provider=Cloudstack project=default-happy-unicorn msg=ankit created 
2024-03-07 08:35:15,571 level=INFO user=ankit clustername=ankit provider=Cloudstack project=default-happy-unicorn msg=ankit created 
2024-03-07 09:32:17,913 level=INFO user=aastha clustername=cloud-stack-key provider=Cloudstack project=aasthagupta1 msg=cloud-stack-key created 
2024-03-09 12:19:32,039 level=INFO user=aastha clustername=user12 provider=Cloudstack project=aasthagupta1 msg=user12 created 
2024-03-09 12:27:18,650 level=INFO user=aastha clustername=k8s234 provider=Kubernetes project=aasthagupta1 msg=k8s234 created 
2024-03-09 12:32:53,222 level=INFO user=aastha clustername=k8s0983 provider=Kubernetes project=aasthagupta1 msg=k8s0983 created 
2024-03-11 04:54:38,222 level=INFO user=aastha clustername=k11 provider=Kubernetes project=aasthagupta1 msg=k11 created 
2024-03-11 05:25:19,057 level=INFO user=aastha clustername=k113 provider=Kubernetes project=aasthagupta1 msg=k113 created 
2024-03-11 07:20:06,210 level=INFO user=aastha clustername=k8sgdgh provider=Kubernetes project=aasthagupta1 msg=k8sgdgh created 
2024-03-11 07:59:45,577 level=INFO user=ankit clustername=dwivedi provider=Cloudstack project=default-happy-unicorn msg=dwivedi created 
2024-03-11 08:44:54,402 level=INFO user=ankit clustername=ad provider=Cloudstack project=default-happy-unicorn msg=ad created 
2024-03-11 09:15:19,645 level=INFO user=aastha clustername=cloud-compute provider=Cloudstack project=aasthagupta1 msg=cloud-compute created 
2024-03-12 05:55:07,719 level=INFO user=aastha clustername=cloud-t provider=Cloudstack project=aasthagupta1 msg=cloud-t created 
2024-03-12 06:05:38,123 level=INFO user=aastha clustername=cluster-k8s1 provider=Kubernetes project=aasthagupta1 msg=cluster-k8s1 created 
2024-03-12 07:11:04,260 level=INFO user=aastha clustername=provider-k8s provider=Kubernetes project=aasthagupta1 msg=provider-k8s created 
2024-03-12 09:12:52,109 level=INFO user=aastha clustername=k8s-456 provider=Kubernetes project=aasthagupta1 msg=k8s-456 created 
2024-03-12 12:50:18,993 level=INFO user=aastha clustername=dbaas-k8s provider=Kubernetes project=aasthagupta1 msg=dbaas-k8s created 
2024-03-13 06:14:02,716 level=INFO user=aastha clustername=cluster-k1 provider=Kubernetes project=aasthagupta1 msg=cluster-k1 created 
2024-03-13 06:24:54,523 level=INFO user=aastha clustername=pvc-name provider=Kubernetes project=aasthagupta1 msg=pvc-name created 
2024-03-13 06:42:32,542 level=INFO user=aastha clustername=pv-name-c provider=Kubernetes project=aasthagupta1 msg=pv-name-c created 
2024-03-13 06:44:47,384 level=INFO user=aastha clustername=test-again provider=Kubernetes project=aasthagupta1 msg=test-again created 
2024-03-13 06:51:28,656 level=INFO user=aastha clustername=k8s-cluster-postgres provider=Kubernetes project=aasthagupta1 msg=k8s-cluster-postgres created 
2024-03-13 06:56:51,306 level=INFO user=aastha clustername=k8s-pro provider=Kubernetes project=aasthagupta1 msg=k8s-pro created 
2024-03-13 07:21:49,384 level=INFO user=aastha clustername=cluster-new provider=Cloudstack project=aasthagupta1 msg=cluster-new created 
2024-03-13 07:36:14,946 level=INFO user=aastha clustername=k8s-blue provider=Kubernetes project=aasthagupta1 msg=k8s-blue created 
