2024-02-08 12:35:38,544 level=INFO user=preeti clusterName=cluster   msg=cluster is deleted 
2024-02-08 12:37:12,206 level=INFO user=preeti clusterName=cluster1  msg=cluster1 is deleted 
2024-02-08 12:54:55,972 level=INFO user=preeti clusterName=cluster2  msg=cluster2 is deleted 
2024-02-08 12:57:21,491 level=INFO user=preeti clusterName=cluster3  msg=cluster3 is deleted 
2024-02-09 09:03:04,044 level=INFO user=preeti clusterName=db-test-2 msg=db-test-2 is deleted 
2024-02-09 09:07:10,811 level=INFO user=preeti clusterName=db-2      msg=db-2 is deleted 
2024-02-09 12:56:46,430 level=INFO user=preeti clusterName=test123   msg=test123 is deleted2024-02-15 11:04:33,805 level=INFO user=preeti clusterName=ha-db1 msg=ha-db1 deleted 
2024-02-16 07:02:36,299 level=INFO user=ashish clusterName=ha-test msg=ha-test deleted 
2024-02-16 11:36:10,473 level=INFO user=ashish clusterName=ha-test msg=ha-test deleted 
2024-03-05 09:18:18,065 level=INFO user=aastha clusterName=test msg=test deleted 
2024-03-06 10:30:24,844 level=INFO user=aastha clusterName=k045 msg=k045 deleted 
2024-03-06 10:36:07,759 level=INFO user=aastha clusterName=k045 msg=k045 deleted 
2024-03-06 11:02:05,710 level=INFO user=aastha clusterName=cluster-cloud msg=cluster-cloud deleted 
2024-03-06 11:04:48,317 level=INFO user=aastha clusterName=cluster45 msg=cluster45 deleted 
2024-03-06 11:15:16,801 level=INFO user=aastha clusterName=k890 msg=k890 deleted 
2024-03-07 05:25:42,006 level=INFO user=ashish clusterName=hskajdh msg=hskajdh deleted 
2024-03-07 05:29:14,538 level=INFO user=ashish clusterName=hskajdh msg=hskajdh deleted 
2024-03-07 05:30:45,285 level=INFO user=ashish clusterName=hkjsahdj msg=hkjsahdj deleted 
2024-03-07 06:20:33,582 level=INFO user=aastha clusterName=ok msg=ok deleted 
2024-03-07 06:35:32,430 level=INFO user=ashish clusterName=ankit msg=ankit deleted 
2024-03-07 07:46:05,029 level=INFO user=ashish clusterName=ankit msg=ankit deleted 
2024-03-07 08:31:17,758 level=INFO user=ankit clusterName=ankit msg=ankit deleted 
2024-03-07 09:06:47,763 level=INFO user=aastha clusterName=cluster45 msg=cluster45 deleted 
2024-03-07 09:28:28,967 level=INFO user=aastha clusterName=cloud-k msg=cloud-k deleted 
2024-03-07 12:06:23,549 level=INFO user=aastha clusterName=cloud-stack-key msg=cloud-stack-key deleted 
2024-03-09 06:33:34,386 level=INFO user=aastha clusterName=cloud-stack-key msg=cloud-stack-key deleted 
2024-03-09 06:36:41,376 level=INFO user=aastha clusterName=cloud-k msg=cloud-k deleted 
2024-03-09 06:48:40,775 level=INFO user=aastha clusterName=cloud-stack-key msg=cloud-stack-key deleted 
2024-03-09 07:01:16,183 level=INFO user=aastha clusterName=cloud-stack-key msg=cloud-stack-key deleted 
2024-03-09 07:04:53,860 level=INFO user=aastha clusterName=cloud-stack-key msg=cloud-stack-key deleted 
2024-03-09 07:11:21,110 level=INFO user=aastha clusterName=cloud-stack-key msg=cloud-stack-key deleted 
2024-03-09 07:12:14,482 level=INFO user=aastha clusterName=cloud-stack-key msg=cloud-stack-key deleted 
2024-03-09 07:17:11,454 level=INFO user=aastha clusterName=cloud-stack-key msg=cloud-stack-key deleted 
2024-03-09 10:17:11,652 level=INFO user=aastha clusterName=cloud-stack-key msg=cloud-stack-key deleted 
2024-03-09 10:30:48,445 level=INFO user=aastha clusterName=cloud-stack-key msg=cloud-stack-key deleted 
2024-03-09 12:24:18,865 level=INFO user=aastha clusterName=user12 msg=user12 deleted 
2024-03-09 12:28:58,463 level=INFO user=aastha clusterName=k8s234 msg=k8s234 deleted 
2024-03-09 12:34:02,695 level=INFO user=aastha clusterName=k8s0983 msg=k8s0983 deleted 
2024-03-09 12:50:59,141 level=INFO user=aastha clusterName=k8s0983 msg=k8s0983 deleted 
2024-03-11 04:40:01,300 level=INFO user=aastha clusterName=k8s0983 msg=k8s0983 deleted 
2024-03-11 04:57:20,832 level=INFO user=aastha clusterName=k11 msg=k11 deleted 
2024-03-11 05:00:00,642 level=INFO user=aastha clusterName=cloud-stack-key msg=cloud-stack-key deleted 
2024-03-11 06:15:33,716 level=INFO user=aastha clusterName=k113 msg=k113 deleted 
2024-03-11 06:25:38,659 level=INFO user=aastha clusterName=cloud-k msg=cloud-k deleted 
2024-03-11 06:56:12,380 level=INFO user=aastha clusterName=cloud-k msg=cloud-k deleted 
2024-03-11 06:57:58,504 level=INFO user=aastha clusterName=check1 msg=check1 deleted 
2024-03-11 07:27:18,340 level=INFO user=aastha clusterName=k8s0983 msg=k8s0983 deleted 
2024-03-11 08:38:46,447 level=INFO user=ankit clusterName=ankit msg=ankit deleted 
2024-03-11 08:39:48,470 level=INFO user=ankit clusterName=dwivedi msg=dwivedi deleted 
2024-03-11 08:47:57,534 level=INFO user=ankit clusterName=ad msg=ad deleted 
2024-03-11 11:31:33,742 level=INFO user=aastha clusterName=k8sgdgh msg=k8sgdgh deleted 
