2024-02-12 05:15:32,208 level=INFO user=preeti msg=logged in 
2024-02-12 05:15:52,722 level=INFO user=preeti msg=logged in 
2024-02-12 05:16:15,924 level=INFO user=nisha msg=logged in 
2024-02-12 05:16:34,443 level=INFO user=nisha msg=logged in 
2024-02-12 05:17:06,144 level=INFO user=admin msg=logged in 
2024-02-12 05:17:35,258 level=INFO user=nisha msg=logged in 
2024-02-12 05:19:34,193 level=INFO user=admin msg=logged in 
2024-02-12 05:23:14,475 level=INFO user=nisha msg=logged in  
2024-02-12 05:42:48,301 level=INFO user=admin msg=logged in 
2024-02-12 05:43:54,379 level=INFO user=nisha msg=logged in 
2024-02-12 05:44:28,293 level=INFO user=admin msg=logged in 
2024-02-12 05:45:04,875 level=INFO user=nisha msg=logged in 
2024-02-12 05:46:02,133 level=INFO user=admin msg=logged in 
2024-02-12 06:12:33,470 level=INFO user=nisha msg=logged in 
2024-02-12 06:13:04,443 level=INFO user=admin msg=logged in 
2024-02-12 06:19:14,013 level=INFO user=nisha msg=logged in 
2024-02-12 06:47:40,541 level=INFO user=admin msg=logged in 
2024-02-12 06:48:57,258 level=INFO user=nisha msg=logged in 
2024-02-12 06:57:17,405 level=INFO user=admin msg=logged in 
2024-02-12 06:59:26,490 level=INFO user=admin msg=logged in 
2024-02-13 06:09:41,836 level=INFO user=ashish msg=logged in 
2024-02-13 07:22:44,833 level=INFO user=ashish msg=logged in 
2024-02-13 11:32:39,224 level=INFO user=admin msg=logged in 
2024-02-13 11:38:49,997 level=INFO user=admin msg=logged in 
2024-02-13 11:59:10,525 level=INFO user=admin msg=logged in 
2024-02-14 06:12:56,044 level=INFO user=admin msg=logged in 
2024-02-14 06:14:45,514 level=INFO user=preeti msg=logged in 
2024-02-14 06:15:18,478 level=INFO user=admin msg=logged in 
2024-02-14 06:16:34,127 level=INFO user=mv msg=logged in 
2024-02-14 06:17:21,237 level=INFO user=admin msg=logged in 
2024-02-14 06:18:29,107 level=INFO user=admin msg=logged in 
2024-02-14 12:17:54,702 level=INFO user=ashish msg=logged in 
2024-02-14 12:19:38,465 level=INFO user=ashish msg=logged in 
2024-02-15 09:38:50,641 level=INFO user=ashish msg=logged in 
2024-02-15 10:24:18,486 level=INFO user=preeti msg=logged in 
2024-02-15 10:47:07,704 level=INFO user=ashish msg=logged in 
2024-02-15 10:55:21,799 level=INFO user=ashish msg=logged in 
2024-02-15 10:58:49,030 level=INFO user=preeti msg=logged in 
2024-02-15 11:04:17,785 level=INFO user=admin msg=logged in 
2024-02-15 11:14:05,265 level=INFO user=ashish msg=logged in 
2024-02-15 11:58:23,333 level=INFO user=ashish msg=logged in 
2024-02-16 05:40:03,272 level=INFO user=nisha msg=logged in 
2024-02-16 05:41:29,772 level=INFO user=admin msg=logged in 
2024-02-16 06:29:51,843 level=INFO user=admin msg=logged in 
2024-02-16 07:02:26,040 level=INFO user=admin msg=logged in 
2024-02-16 11:12:53,700 level=INFO user=ashish msg=logged in 
2024-02-16 11:47:43,903 level=INFO user=ashish msg=logged in 
2024-02-20 05:35:20,435 level=INFO user=admin msg=logged in 
2024-02-20 05:37:37,408 level=INFO user=ashish msg=logged in 
2024-02-20 05:38:06,404 level=INFO user=admin msg=logged in 
2024-02-20 05:42:02,334 level=INFO user=ashish msg=logged in 
2024-02-20 06:29:01,626 level=INFO user=admin msg=logged in 
2024-02-20 06:43:45,857 level=INFO user=ashish msg=logged in 
2024-02-21 05:05:58,143 level=INFO user=admin msg=logged in 
2024-02-21 05:37:40,875 level=INFO user=admin msg=logged in 
2024-02-21 05:38:43,345 level=INFO user=preeti msg=logged in 
2024-02-27 10:28:47,402 level=INFO user=admin msg=logged in 
2024-02-27 12:40:35,988 level=INFO user=admin msg=logged in 
2024-02-28 04:55:57,282 level=INFO user=admin msg=logged in 
2024-02-29 06:12:04,672 level=INFO user=admin msg=logged in 
2024-03-01 10:02:19,344 level=INFO user=admin msg=logged in 
2024-03-01 11:20:23,257 level=INFO user=preeti msg=logged in 
2024-03-02 04:54:43,021 level=INFO user=admin msg=logged in 
2024-03-02 04:55:10,652 level=INFO user=preeti msg=logged in 
2024-03-02 11:15:47,979 level=INFO user=admin msg=logged in 
2024-03-04 04:42:40,588 level=INFO user=ashish msg=logged in 
2024-03-04 05:15:06,479 level=INFO user=aastha msg=logged in 
2024-03-04 05:15:07,065 level=INFO user=aastha msg=logged in 
2024-03-04 05:15:07,177 level=INFO user=aastha msg=logged in 
2024-03-04 05:37:41,496 level=INFO user=aastha msg=logged in 
2024-03-04 05:37:41,874 level=INFO user=aastha msg=logged in 
2024-03-04 05:37:41,985 level=INFO user=aastha msg=logged in 
2024-03-04 11:56:16,939 level=INFO user=aastha msg=logged in 
2024-03-04 11:56:17,383 level=INFO user=aastha msg=logged in 
2024-03-04 11:56:17,425 level=INFO user=aastha msg=logged in 
2024-03-04 18:35:29,328 level=INFO user=aastha msg=logged in 
2024-03-04 18:35:29,690 level=INFO user=aastha msg=logged in 
2024-03-04 18:35:29,780 level=INFO user=aastha msg=logged in 
2024-03-05 07:22:40,851 level=INFO user=admin msg=logged in 
2024-03-05 07:33:44,591 level=INFO user=aastha msg=logged in 
2024-03-05 07:33:44,628 level=INFO user=aastha msg=logged in 
2024-03-05 07:33:44,687 level=INFO user=aastha msg=logged in 
2024-03-05 08:52:27,701 level=INFO user=aastha msg=logged in 
2024-03-05 09:24:07,167 level=INFO user=admin msg=logged in 
2024-03-05 09:36:04,007 level=INFO user=aastha msg=logged in 
2024-03-05 09:43:00,024 level=INFO user=admin msg=logged in 
2024-03-05 09:43:00,251 level=INFO user=admin msg=logged in 
2024-03-05 09:43:00,538 level=INFO user=admin msg=logged in 
2024-03-06 04:40:59,360 level=INFO user=aastha msg=logged in 
2024-03-06 04:40:59,640 level=INFO user=aastha msg=logged in 
2024-03-06 04:40:59,705 level=INFO user=aastha msg=logged in 
2024-03-06 04:41:30,308 level=INFO user=aastha msg=logged in 
2024-03-06 04:41:30,737 level=INFO user=aastha msg=logged in 
2024-03-06 04:41:30,856 level=INFO user=aastha msg=logged in 
2024-03-06 06:59:32,970 level=INFO user=preeti msg=logged in 
2024-03-06 06:59:33,286 level=INFO user=preeti msg=logged in 
2024-03-06 06:59:33,557 level=INFO user=preeti msg=logged in 
2024-03-06 08:54:45,807 level=INFO user=aastha msg=logged in 
2024-03-06 08:54:46,335 level=INFO user=aastha msg=logged in 
2024-03-06 08:54:46,358 level=INFO user=aastha msg=logged in 
2024-03-06 09:01:38,795 level=INFO user=aastha msg=logged in 
2024-03-06 09:05:08,387 level=INFO user=aastha msg=logged in 
2024-03-06 11:24:24,953 level=INFO user=ashish msg=logged in 
2024-03-06 11:24:25,024 level=INFO user=ashish msg=logged in 
2024-03-06 11:24:25,267 level=INFO user=ashish msg=logged in 
2024-03-06 11:25:08,657 level=INFO user=aastha msg=logged in 
2024-03-06 11:25:08,922 level=INFO user=aastha msg=logged in 
2024-03-06 11:25:08,980 level=INFO user=aastha msg=logged in 
2024-03-07 04:39:04,376 level=INFO user=ashish msg=logged in 
2024-03-07 04:39:04,394 level=INFO user=ashish msg=logged in 
2024-03-07 04:39:04,484 level=INFO user=ashish msg=logged in 
2024-03-07 05:00:45,871 level=INFO user=ashish msg=logged in 
2024-03-07 06:01:37,876 level=INFO user=nisha msg=logged in 
2024-03-07 06:02:41,241 level=INFO user=aastha msg=logged in 
2024-03-07 06:46:51,037 level=INFO user=admin msg=logged in 
2024-03-07 06:46:51,508 level=INFO user=admin msg=logged in 
2024-03-07 06:46:51,617 level=INFO user=admin msg=logged in 
2024-03-07 06:48:07,912 level=INFO user=ankit msg=logged in 
2024-03-07 06:48:08,352 level=INFO user=ankit msg=logged in 
2024-03-07 06:48:08,407 level=INFO user=ankit msg=logged in 
2024-03-07 07:47:29,899 level=INFO user=ankit msg=logged in 
2024-03-07 07:47:29,926 level=INFO user=ankit msg=logged in 
2024-03-07 07:47:29,992 level=INFO user=ankit msg=logged in 
2024-03-07 08:57:04,588 level=INFO user=aastha msg=logged in 
2024-03-09 04:51:02,261 level=INFO user=aastha msg=logged in 
2024-03-09 04:51:02,418 level=INFO user=aastha msg=logged in 
2024-03-09 04:51:02,486 level=INFO user=aastha msg=logged in 
2024-03-09 04:57:15,802 level=INFO user=aastha msg=logged in 
2024-03-11 04:16:54,991 level=INFO user=aastha msg=logged in 
2024-03-13 10:25:59,707 level=INFO user=preeti msg=logged in 
2024-03-13 10:25:59,868 level=INFO user=preeti msg=logged in 
2024-03-13 10:25:59,972 level=INFO user=preeti msg=logged in 
2024-03-14 10:16:57,877 level=INFO user=ashish msg=logged in 
2024-03-14 10:16:57,902 level=INFO user=ashish msg=logged in 
2024-03-14 10:16:57,921 level=INFO user=ashish msg=logged in 
2024-03-14 10:19:07,146 level=INFO user=preeti msg=logged in 
2024-03-14 10:19:07,261 level=INFO user=preeti msg=logged in 
2024-03-14 10:19:07,299 level=INFO user=preeti msg=logged in 
2024-03-15 04:54:27,394 level=INFO user=nisha msg=logged in 
2024-03-16 07:12:20,104 level=INFO user=preeti msg=logged in 
2024-03-18 04:58:36,127 level=INFO user=preeti msg=logged in 
2024-03-18 10:29:09,152 level=INFO user=preeti msg=logged in 
2024-03-18 10:29:09,162 level=INFO user=preeti msg=logged in 
2024-03-18 10:29:09,197 level=INFO user=preeti msg=logged in 
2024-03-18 11:11:55,612 level=INFO user=preeti msg=logged in 
2024-03-19 05:02:48,976 level=INFO user=preeti msg=logged in 
2024-03-19 05:02:49,004 level=INFO user=preeti msg=logged in 
2024-03-19 05:02:49,067 level=INFO user=preeti msg=logged in 
2024-03-19 05:38:52,869 level=INFO user=aastha msg=logged in 
2024-03-19 05:38:53,006 level=INFO user=aastha msg=logged in 
2024-03-19 05:38:53,039 level=INFO user=aastha msg=logged in 
2024-03-19 06:01:24,681 level=INFO user=aastha msg=logged in 
2024-03-19 07:20:56,320 level=INFO user=aastha msg=logged in 
2024-03-19 07:20:56,466 level=INFO user=aastha msg=logged in 
2024-03-19 07:20:56,531 level=INFO user=aastha msg=logged in 
2024-03-19 07:23:07,189 level=INFO user=aastha msg=logged in 
2024-03-19 07:23:07,361 level=INFO user=aastha msg=logged in 
2024-03-19 07:23:07,389 level=INFO user=aastha msg=logged in 
2024-03-19 07:30:23,075 level=INFO user=aastha msg=logged in 
2024-03-19 07:30:23,176 level=INFO user=aastha msg=logged in 
2024-03-19 07:30:23,227 level=INFO user=aastha msg=logged in 
2024-03-20 04:55:34,331 level=INFO user=aastha msg=logged in 
2024-03-20 04:55:34,596 level=INFO user=aastha msg=logged in 
2024-03-20 04:55:34,622 level=INFO user=aastha msg=logged in 
2024-03-20 05:08:30,133 level=INFO user=admin msg=logged in 
2024-03-20 05:08:30,470 level=INFO user=admin msg=logged in 
2024-03-20 05:08:30,504 level=INFO user=admin msg=logged in 
2024-03-20 07:00:03,726 level=INFO user=aastha msg=logged in 
2024-03-20 07:00:03,870 level=INFO user=aastha msg=logged in 
2024-03-20 07:00:03,912 level=INFO user=aastha msg=logged in 
2024-03-21 05:09:33,289 level=INFO user=admin msg=logged in 
2024-03-21 05:09:33,506 level=INFO user=admin msg=logged in 
2024-03-21 05:09:33,533 level=INFO user=admin msg=logged in 
2024-03-21 05:52:14,374 level=INFO user=aastha msg=logged in 
2024-03-21 06:05:08,427 level=INFO user=aastha msg=logged in 
2024-03-21 06:05:08,639 level=INFO user=aastha msg=logged in 
2024-03-21 06:05:08,773 level=INFO user=aastha msg=logged in 
2024-03-21 06:07:36,686 level=INFO user=preeti msg=logged in 
2024-03-21 06:07:36,776 level=INFO user=preeti msg=logged in 
2024-03-21 06:07:36,896 level=INFO user=preeti msg=logged in 
2024-03-22 05:38:56,364 level=INFO user=preeti msg=logged in 
2024-03-22 05:43:58,201 level=INFO user=preeti msg=logged in 
2024-03-22 05:43:58,295 level=INFO user=preeti msg=logged in 
2024-03-22 05:43:58,316 level=INFO user=preeti msg=logged in 
2024-03-23 05:04:10,665 level=INFO user=preeti msg=logged in 
2024-03-23 05:04:10,836 level=INFO user=preeti msg=logged in 
2024-03-23 05:04:10,863 level=INFO user=preeti msg=logged in 
2024-03-23 05:11:04,377 level=INFO user=preeti msg=logged in 
2024-03-23 05:11:04,403 level=INFO user=preeti msg=logged in 
2024-03-23 05:11:04,437 level=INFO user=preeti msg=logged in 
2024-03-23 05:13:06,319 level=INFO user=preeti msg=logged in 
2024-03-23 05:13:06,624 level=INFO user=preeti msg=logged in 
2024-03-23 05:13:06,657 level=INFO user=preeti msg=logged in 
2024-03-23 05:56:29,021 level=INFO user=aastha msg=logged in 
2024-03-23 08:42:08,284 level=INFO user=preeti msg=logged in 
2024-03-26 05:10:28,147 level=INFO user=ashish msg=logged in 
2024-03-27 04:46:02,392 level=INFO user=ashish msg=logged in 
2024-03-27 10:24:35,076 level=INFO user=admin msg=logged in 
2024-03-27 11:51:42,697 level=INFO user=ashish msg=logged in 
2024-03-27 11:51:43,067 level=INFO user=ashish msg=logged in 
2024-03-27 11:51:43,254 level=INFO user=ashish msg=logged in 
2024-03-27 13:06:39,611 level=INFO user=ankit msg=logged in 
2024-03-27 13:06:40,102 level=INFO user=ankit msg=logged in 
2024-03-27 13:06:40,495 level=INFO user=ankit msg=logged in 
2024-03-28 04:52:21,349 level=INFO user=ashish msg=logged in 
2024-03-28 04:52:21,922 level=INFO user=ashish msg=logged in 
2024-03-28 04:52:21,947 level=INFO user=ashish msg=logged in 
2024-03-28 04:57:37,427 level=INFO user=admin msg=logged in 
2024-03-28 05:00:45,132 level=INFO user=ashish msg=logged in 
2024-03-28 05:07:55,875 level=INFO user=admin msg=logged in 
2024-03-28 05:10:36,410 level=INFO user=ankit msg=logged in 
2024-03-28 05:10:37,483 level=INFO user=ankit msg=logged in 
2024-03-28 05:10:37,686 level=INFO user=ankit msg=logged in 
2024-03-29 07:28:28,908 level=INFO user=admin msg=logged in 
2024-03-29 07:28:29,171 level=INFO user=admin msg=logged in 
2024-03-29 07:28:29,221 level=INFO user=admin msg=logged in 
2024-03-29 09:42:48,888 level=INFO user=aastha msg=logged in 
2024-03-29 09:42:49,055 level=INFO user=aastha msg=logged in 
2024-03-29 09:42:49,109 level=INFO user=aastha msg=logged in 
2024-03-29 10:23:58,956 level=INFO user=aastha msg=logged in 
2024-03-29 10:23:59,137 level=INFO user=aastha msg=logged in 
2024-03-29 10:23:59,171 level=INFO user=aastha msg=logged in 
2024-03-29 10:24:18,176 level=INFO user=admin msg=logged in 
2024-03-29 10:24:18,402 level=INFO user=admin msg=logged in 
2024-03-29 10:24:18,430 level=INFO user=admin msg=logged in 
2024-03-30 09:29:26,574 level=INFO user=admin msg=logged in 
2024-03-30 09:29:26,718 level=INFO user=admin msg=logged in 
2024-03-30 09:29:26,738 level=INFO user=admin msg=logged in 
2024-03-30 09:32:36,089 level=INFO user=preeti18 msg=logged in 
2024-03-30 09:32:36,156 level=INFO user=preeti18 msg=logged in 
2024-03-30 09:32:36,180 level=INFO user=preeti18 msg=logged in 
2024-04-01 06:31:06,817 level=INFO user=aastha msg=logged in 
2024-04-01 06:31:06,979 level=INFO user=aastha msg=logged in 
2024-04-01 06:31:07,160 level=INFO user=aastha msg=logged in 
2024-04-01 07:32:09,945 level=INFO user=admin msg=logged in 
2024-04-01 07:32:10,133 level=INFO user=admin msg=logged in 
2024-04-01 07:32:10,176 level=INFO user=admin msg=logged in 
2024-04-02 05:25:59,823 level=INFO user=admin msg=logged in 
2024-04-02 05:25:59,982 level=INFO user=admin msg=logged in 
2024-04-02 05:26:00,031 level=INFO user=admin msg=logged in 
2024-04-02 06:00:15,223 level=INFO user=aastha msg=logged in 
2024-04-02 06:00:15,403 level=INFO user=aastha msg=logged in 
2024-04-02 06:00:15,522 level=INFO user=aastha msg=logged in 
2024-04-02 06:43:06,933 level=INFO user=admin msg=logged in 
2024-04-02 06:43:07,082 level=INFO user=admin msg=logged in 
2024-04-02 06:43:07,088 level=INFO user=admin msg=logged in 
2024-04-02 06:43:25,780 level=INFO user=admin msg=logged in 
2024-04-02 06:43:26,000 level=INFO user=admin msg=logged in 
2024-04-02 06:43:26,014 level=INFO user=admin msg=logged in 
2024-04-02 06:57:13,278 level=INFO user=aastha msg=logged in 
2024-04-02 06:57:13,420 level=INFO user=aastha msg=logged in 
2024-04-02 06:57:13,468 level=INFO user=aastha msg=logged in 
2024-04-02 09:01:29,147 level=INFO user=admin msg=logged in 
2024-04-02 09:01:29,385 level=INFO user=admin msg=logged in 
2024-04-02 09:01:29,404 level=INFO user=admin msg=logged in 
2024-04-02 09:03:05,474 level=INFO user=aastha msg=logged in 
2024-04-02 09:03:05,645 level=INFO user=aastha msg=logged in 
2024-04-02 09:03:05,700 level=INFO user=aastha msg=logged in 
2024-04-02 09:03:39,262 level=INFO user=admin msg=logged in 
2024-04-02 09:03:39,450 level=INFO user=admin msg=logged in 
2024-04-02 09:03:39,506 level=INFO user=admin msg=logged in 
2024-04-02 09:09:01,269 level=INFO user=aastha msg=logged in 
2024-04-02 09:09:01,289 level=INFO user=aastha msg=logged in 
2024-04-02 09:09:01,341 level=INFO user=aastha msg=logged in 
2024-04-02 09:11:51,793 level=INFO user=preeti msg=logged in 
2024-04-02 09:11:51,920 level=INFO user=preeti msg=logged in 
2024-04-02 09:11:51,985 level=INFO user=preeti msg=logged in 
2024-04-02 09:24:20,821 level=INFO user=other-users msg=logged in 
2024-04-02 09:24:21,063 level=INFO user=other-users msg=logged in 
2024-04-02 09:24:21,088 level=INFO user=other-users msg=logged in 
2024-04-02 10:06:08,008 level=INFO user=preeti msg=logged in 
2024-04-02 10:06:08,169 level=INFO user=preeti msg=logged in 
2024-04-02 10:06:08,199 level=INFO user=preeti msg=logged in 
2024-04-02 10:11:10,657 level=INFO user=aastha msg=logged in 
2024-04-02 12:20:03,798 level=INFO user=aastha msg=logged in 
2024-04-02 12:51:24,237 level=INFO user=ashish msg=logged in 
2024-04-02 12:51:24,323 level=INFO user=ashish msg=logged in 
2024-04-02 12:51:24,391 level=INFO user=ashish msg=logged in 
2024-04-03 05:50:05,159 level=INFO user=aastha msg=logged in 
2024-04-03 05:50:05,379 level=INFO user=aastha msg=logged in 
2024-04-03 05:50:05,425 level=INFO user=aastha msg=logged in 
2024-04-03 06:18:34,247 level=INFO user=aastha msg=logged in 
2024-04-03 06:18:34,430 level=INFO user=aastha msg=logged in 
2024-04-03 06:18:34,502 level=INFO user=aastha msg=logged in 
2024-04-03 07:44:43,058 level=INFO user=preeti msg=logged in 
2024-04-03 07:44:43,256 level=INFO user=preeti msg=logged in 
2024-04-03 07:44:43,274 level=INFO user=preeti msg=logged in 
2024-04-03 07:46:13,704 level=INFO user=aastha msg=logged in 
2024-04-03 07:46:13,839 level=INFO user=aastha msg=logged in 
2024-04-03 07:46:13,905 level=INFO user=aastha msg=logged in 
2024-04-03 07:46:31,903 level=INFO user=preeti msg=logged in 
2024-04-03 07:46:32,143 level=INFO user=preeti msg=logged in 
2024-04-03 07:46:32,173 level=INFO user=preeti msg=logged in 
2024-04-03 07:50:57,215 level=INFO user=aastha msg=logged in 
2024-04-03 07:50:57,329 level=INFO user=aastha msg=logged in 
2024-04-03 07:50:57,418 level=INFO user=aastha msg=logged in 
2024-04-06 09:46:09,527 level=INFO user=aastha msg=logged in 
2024-04-06 09:46:09,692 level=INFO user=aastha msg=logged in 
2024-04-06 09:46:09,714 level=INFO user=aastha msg=logged in 
2024-04-06 11:25:27,349 level=INFO user=aastha msg=logged in 
2024-04-06 11:25:27,530 level=INFO user=aastha msg=logged in 
2024-04-06 11:25:27,552 level=INFO user=aastha msg=logged in 
2024-04-06 12:20:01,446 level=INFO user=admin msg=logged in 
2024-04-06 12:20:01,730 level=INFO user=admin msg=logged in 
2024-04-06 12:20:01,741 level=INFO user=admin msg=logged in 
2024-04-10 05:19:45,495 level=INFO user=nisha msg=logged in 
2024-04-10 05:21:36,257 level=INFO user=aastha msg=logged in 
2024-04-10 05:21:36,473 level=INFO user=aastha msg=logged in 
2024-04-10 05:21:36,568 level=INFO user=aastha msg=logged in 
2024-04-10 05:31:39,550 level=INFO user=aastha msg=logged in 
2024-04-10 05:31:39,749 level=INFO user=aastha msg=logged in 
2024-04-10 05:31:39,849 level=INFO user=aastha msg=logged in 
2024-04-10 07:40:59,322 level=INFO user=aastha msg=logged in 
2024-04-10 07:40:59,508 level=INFO user=aastha msg=logged in 
2024-04-10 07:40:59,536 level=INFO user=aastha msg=logged in 
2024-04-10 08:11:38,416 level=INFO user=aastha msg=logged in 
2024-04-10 08:11:38,567 level=INFO user=aastha msg=logged in 
2024-04-10 08:11:38,616 level=INFO user=aastha msg=logged in 
2024-04-10 09:58:38,325 level=INFO user=aastha msg=logged in 
2024-04-10 09:58:38,558 level=INFO user=aastha msg=logged in 
2024-04-10 09:58:38,627 level=INFO user=aastha msg=logged in 
2024-04-10 10:25:48,288 level=INFO user=aastha msg=logged in 
2024-04-10 10:34:31,239 level=INFO user=nisha msg=logged in 
2024-04-12 07:53:25,616 level=INFO user=nisha msg=logged in 
2024-04-12 10:24:54,492 level=INFO user=nisha msg=logged in 
2024-04-13 06:14:57,503 level=INFO user=admin msg=logged in 
2024-04-13 06:17:57,197 level=INFO user=admin msg=logged in 
2024-04-13 06:21:34,828 level=INFO user=admin msg=logged in 
2024-04-13 06:29:05,471 level=INFO user=aastha msg=logged in 
2024-04-13 06:30:11,509 level=INFO user=mike msg=logged in 
2024-04-13 06:31:14,808 level=INFO user=nisha msg=logged in 
2024-04-13 06:33:00,927 level=INFO user=nike msg=logged in 
2024-04-13 07:20:33,100 level=INFO user=admin msg=logged in 
2024-04-13 07:26:15,897 level=INFO user=admin msg=logged in 
2024-04-13 07:35:15,450 level=INFO user=admin msg=logged in 
2024-04-13 07:42:23,820 level=INFO user=admin msg=logged in 
2024-04-13 10:21:43,496 level=INFO user=nisha msg=logged in 
2024-04-13 13:00:16,602 level=INFO user=aastha msg=logged in 
2024-04-15 06:22:04,502 level=INFO user=nisha msg=logged in 
2024-04-15 06:23:12,034 level=INFO user=admin msg=logged in 
2024-04-15 06:24:02,479 level=INFO user=nisha msg=logged in 
2024-04-15 06:24:19,896 level=INFO user=nisha msg=logged in 
2024-04-15 07:49:22,648 level=INFO user=admin msg=logged in 
2024-04-15 07:51:33,918 level=INFO user=admin msg=logged in 
2024-04-15 08:14:37,904 level=INFO user=admin msg=logged in 
2024-04-15 08:16:38,549 level=INFO user=nisha msg=logged in 
2024-04-15 08:17:11,144 level=INFO user=nisha msg=logged in 
2024-04-15 08:17:26,911 level=INFO user=admin msg=logged in 
2024-04-15 10:11:56,643 level=INFO user=nisha msg=logged in 
2024-04-15 10:12:15,975 level=INFO user=nisha msg=logged in 
2024-04-15 10:17:07,139 level=INFO user=nike msg=logged in 
2024-04-15 10:18:12,976 level=INFO user=nike msg=logged in 
2024-04-15 12:37:36,752 level=INFO user=aastha msg=logged in 
2024-04-16 09:26:18,392 level=INFO user=nisha msg=logged in 
2024-04-16 09:30:46,684 level=INFO user=nisha msg=logged in 
2024-04-16 09:54:03,788 level=INFO user=nisha msg=logged in 
2024-04-16 10:11:01,203 level=INFO user=mihir.patil msg=logged in 
2024-04-16 10:15:34,849 level=INFO user=admin msg=logged in 
2024-04-16 10:29:51,104 level=INFO user=niki msg=logged in 
2024-04-16 10:31:38,826 level=INFO user=mom msg=logged in 
2024-04-16 10:39:54,835 level=INFO user=administrator msg=logged in 
2024-04-16 10:40:25,110 level=INFO user=mihir.patil msg=logged in 
2024-04-16 10:41:20,256 level=INFO user=keycloak msg=logged in 
2024-04-16 10:45:59,257 level=INFO user=admin msg=logged in 
2024-04-16 10:46:43,536 level=INFO user=administrator msg=logged in 
2024-04-16 10:47:04,414 level=INFO user=admin msg=logged in 
2024-04-16 10:49:06,748 level=INFO user=administrator msg=logged in 
2024-04-16 10:49:45,718 level=INFO user=mihir.patil msg=logged in 
2024-04-16 11:12:33,522 level=INFO user=admin msg=logged in 
2024-04-16 11:16:05,770 level=INFO user=admin msg=logged in 
2024-04-16 11:17:06,248 level=INFO user=admin msg=logged in 
2024-04-16 11:21:46,178 level=INFO user=keycloak msg=logged in 
2024-04-16 11:23:19,409 level=INFO user=administrator msg=logged in 
2024-04-16 11:24:30,737 level=INFO user=admin msg=logged in 
2024-04-16 11:25:04,690 level=INFO user=administrator msg=logged in 
2024-04-16 11:38:12,121 level=INFO user=mihir.patil msg=logged in 
2024-04-16 11:39:47,334 level=INFO user=keycloak msg=logged in 
2024-04-16 11:49:12,624 level=INFO user=admin msg=logged in 
2024-04-18 04:37:28,060 level=INFO user=administrator msg=logged in 
2024-04-18 04:44:51,712 level=INFO user=keycloak msg=logged in 
2024-04-18 04:45:16,921 level=INFO user=administrator msg=logged in 
2024-04-18 05:33:13,483 level=INFO user=nisha msg=logged in 
2024-04-18 05:33:49,629 level=INFO user=nisha msg=logged in 
2024-04-18 05:34:58,697 level=INFO user=keycloak msg=logged in 
2024-04-18 05:35:30,197 level=INFO user=keycloak msg=logged in 
2024-04-18 06:46:46,860 level=INFO user=administrator msg=logged in 
2024-04-18 07:22:42,600 level=INFO user=administrator msg=logged in 
2024-04-18 07:26:26,997 level=INFO user=keycloak msg=logged in 
2024-04-18 07:26:51,844 level=INFO user=keycloak msg=logged in 
2024-04-18 07:28:09,978 level=INFO user=nisha msg=logged in 
2024-04-18 07:28:34,392 level=INFO user=admin msg=logged in 
2024-04-18 07:29:07,149 level=INFO user=ashish msg=logged in 
2024-04-18 07:29:55,811 level=INFO user=admin msg=logged in 
2024-04-18 07:31:27,128 level=INFO user=john msg=logged in 
2024-04-18 07:32:55,977 level=INFO user=administrator msg=logged in 
2024-04-18 07:33:25,892 level=INFO user=john msg=logged in 
2024-04-18 07:35:58,685 level=INFO user=administrator msg=logged in 
2024-04-18 07:38:46,572 level=INFO user=mike msg=logged in 
2024-04-18 07:39:20,136 level=INFO user=administrator msg=logged in 
2024-04-18 07:40:25,616 level=INFO user=mihir.patil msg=logged in 
2024-04-18 08:56:08,927 level=INFO user=administrator msg=logged in 
2024-04-18 09:02:56,575 level=INFO user=administrator msg=logged in 
2024-04-18 09:05:06,173 level=INFO user=mihir.patil msg=logged in 
2024-04-18 09:06:45,821 level=INFO user=keycloak msg=logged in 
2024-04-18 09:07:18,439 level=INFO user=administrator msg=logged in 
2024-04-18 11:08:35,721 level=INFO user=administrator msg=logged in 
2024-04-18 11:13:39,339 level=INFO user=administrator msg=logged in 
2024-04-18 11:14:39,113 level=INFO user=keycloak msg=logged in 
2024-04-18 11:52:54,878 level=INFO user=administrator msg=logged in 
2024-04-18 11:59:12,593 level=INFO user=admin msg=logged in 
2024-04-18 12:01:39,685 level=INFO user=nisha msg=logged in 
2024-04-18 12:02:27,002 level=INFO user=nisha msg=logged in 
2024-04-18 12:03:31,605 level=INFO user=administrator msg=logged in 
2024-04-18 12:03:48,941 level=INFO user=admin msg=logged in 
2024-04-18 12:04:18,277 level=INFO user=administrator msg=logged in 
2024-04-18 12:14:37,930 level=INFO user=administrator msg=logged in 
2024-04-18 12:15:18,386 level=INFO user=nisha msg=logged in 
2024-04-18 12:15:43,799 level=INFO user=nisha msg=logged in 
2024-04-18 12:18:06,424 level=INFO user=nisha msg=logged in 
2024-04-18 12:23:00,352 level=INFO user=aastha msg=logged in 
2024-04-18 12:44:55,462 level=INFO user=jun msg=logged in 
2024-04-18 12:52:17,312 level=INFO user=admin msg=logged in 
2024-04-18 12:53:19,742 level=INFO user=ap msg=logged in 
2024-04-18 12:59:02,312 level=INFO user=raghu msg=logged in 
2024-04-18 13:02:33,878 level=INFO user=keycloak msg=logged in 
2024-04-18 13:03:17,170 level=INFO user=keycloak msg=logged in 
2024-04-18 13:04:25,390 level=INFO user=keycloak msg=logged in 
2024-04-18 13:04:49,174 level=INFO user=mihir.patil msg=logged in 
2024-04-18 13:07:04,332 level=INFO user=john msg=logged in 
2024-04-19 04:51:15,467 level=INFO user=administrator msg=logged in 
2024-04-19 04:52:28,733 level=INFO user=admin msg=logged in 
2024-04-19 04:54:50,968 level=INFO user=administrator msg=logged in 
2024-04-19 04:57:07,725 level=INFO user=keycloak msg=logged in 
2024-04-19 07:02:09,146 level=INFO user=admin msg=logged in 
2024-04-19 07:03:57,793 level=INFO user=aastha msg=logged in 
2024-04-19 07:15:24,983 level=INFO user=admin msg=logged in 
2024-04-19 09:14:14,120 level=INFO user=admin msg=logged in 
2024-04-19 09:14:55,953 level=INFO user=aastha msg=logged in 
2024-04-19 09:16:00,893 level=INFO user=admin msg=logged in 
2024-04-19 09:31:34,445 level=INFO user=admin msg=logged in 
2024-04-19 10:06:10,552 level=INFO user=admin msg=logged in 
2024-04-19 12:57:53,291 level=INFO user=aastha msg=logged in 
2024-04-20 04:46:51,142 level=INFO user=administrator msg=logged in 
2024-04-20 04:51:00,732 level=INFO user=mihir.patil msg=logged in 
2024-04-20 04:51:23,147 level=INFO user=administrator msg=logged in 
2024-04-20 05:48:02,366 level=INFO user=admin msg=logged in 
2024-04-20 05:48:55,395 level=INFO user=admin msg=logged in 
2024-04-20 06:01:53,102 level=INFO user=administrator msg=logged in 
2024-04-20 10:01:18,110 level=INFO user=admin msg=logged in 
2024-04-20 10:01:49,484 level=INFO user=aastha msg=logged in 
2024-04-20 10:02:15,504 level=INFO user=aastha msg=logged in 
2024-04-20 10:04:10,744 level=INFO user=nisha msg=logged in 
2024-04-20 11:10:00,930 level=INFO user=nisha msg=logged in 
2024-04-20 12:18:55,872 level=INFO user=admin msg=logged in 
2024-04-22 06:16:27,486 level=INFO user=administrator msg=logged in 
2024-04-22 06:16:43,448 level=INFO user=keycloak msg=logged in 
2024-04-22 06:17:12,623 level=INFO user=keycloak msg=logged in 
2024-04-22 06:26:22,970 level=INFO user=administrator msg=logged in 
2024-04-22 06:45:55,401 level=INFO user=admin msg=logged in 
2024-04-22 06:46:29,326 level=INFO user=keycloak msg=logged in 
2024-04-22 06:49:21,047 level=INFO user=administrator msg=logged in 
2024-04-22 06:50:51,955 level=INFO user=aastha msg=logged in 
2024-04-22 06:56:27,969 level=INFO user=nisha msg=logged in 
2024-04-22 08:51:25,295 level=INFO user=keycloak msg=logged in 
2024-04-22 08:55:40,976 level=INFO user=administrator msg=logged in 
2024-04-22 09:24:43,508 level=INFO user=nisha msg=logged in 
2024-04-22 09:29:33,597 level=INFO user=admin msg=logged in 
2024-04-23 02:46:12,495 level=INFO user=nisha msg=logged in 
2024-04-23 02:47:31,325 level=INFO user=nisha msg=logged in 
2024-04-23 02:53:02,516 level=INFO user=administrator msg=logged in 
2024-04-23 06:43:43,239 level=INFO user=keycloak msg=logged in 
2024-04-23 06:45:14,378 level=INFO user=administrator msg=logged in 
2024-04-23 06:52:24,705 level=INFO user=admin msg=logged in 
2024-04-23 06:52:47,414 level=INFO user=administrator msg=logged in 
2024-04-23 06:56:34,787 level=INFO user=admin msg=logged in 
2024-04-23 06:56:52,891 level=INFO user=administrator msg=logged in 
2024-04-23 07:04:48,392 level=INFO user=nisha msg=logged in 
2024-04-23 07:10:57,909 level=INFO user=keycloak msg=logged in 
2024-04-23 07:11:17,989 level=INFO user=keycloak msg=logged in 
2024-04-23 07:13:19,496 level=INFO user=keycloak msg=logged in 
2024-04-23 08:15:23,743 level=INFO user=nisha msg=logged in 
2024-04-23 10:13:32,677 level=INFO user=admin msg=logged in 
2024-04-24 05:05:40,240 level=INFO user=admin msg=logged in 
2024-04-24 05:24:13,519 level=INFO user=admin msg=logged in 
2024-04-24 05:36:34,045 level=INFO user=administrator msg=logged in 
2024-04-24 09:33:02,515 level=INFO user=admin msg=logged in 
2024-04-24 10:11:20,373 level=INFO user=admin msg=logged in 
2024-04-24 10:31:05,190 level=INFO user=admin msg=logged in 
2024-04-24 10:33:16,320 level=INFO user=admin msg=logged in 
2024-04-24 10:46:56,447 level=INFO user=admin msg=logged in 
2024-04-24 11:05:06,031 level=INFO user=administrator msg=logged in 
2024-04-24 11:06:29,670 level=INFO user=administrator msg=logged in 
2024-04-24 11:07:39,678 level=INFO user=administrator msg=logged in 
2024-04-24 11:15:46,421 level=INFO user=administrator msg=logged in 
2024-04-24 11:16:39,521 level=INFO user=administrator msg=logged in 
2024-04-24 11:17:34,697 level=INFO user=rambabu msg=logged in 
2024-04-24 11:22:46,600 level=INFO user=rambabu msg=logged in 
2024-04-24 11:23:19,164 level=INFO user=tim msg=logged in 
2024-04-24 11:27:15,321 level=INFO user=tim msg=logged in 
2024-04-24 11:27:37,714 level=INFO user=administrator msg=logged in 
2024-04-24 11:35:06,300 level=INFO user=administrator msg=logged in 
2024-04-24 11:35:53,861 level=INFO user=administrator msg=logged in 
2024-04-24 11:37:26,619 level=INFO user=administrator msg=logged in 
2024-04-24 11:38:58,509 level=INFO user=administrator msg=logged in 
2024-04-24 11:40:40,127 level=INFO user=administrator msg=logged in 
2024-04-24 11:42:11,735 level=INFO user=administrator msg=logged in 
2024-04-25 05:45:02,532 level=INFO user=admin msg=logged in 
2024-04-25 06:14:43,441 level=INFO user=admin msg=logged in 
2024-04-25 06:43:14,387 level=INFO user=admin msg=logged in 
2024-04-25 06:57:37,573 level=INFO user=admin msg=logged in 
2024-04-25 07:33:51,331 level=INFO user=admin msg=logged in 
2024-04-27 04:46:01,978 level=INFO user=admin msg=logged in 
2024-04-27 04:47:10,628 level=INFO user=admin msg=logged in 
2024-04-27 06:01:31,521 level=INFO user=admin msg=logged in 
2024-04-27 07:18:40,630 level=INFO user=admin msg=logged in 
2024-04-27 10:01:35,852 level=INFO user=admin msg=logged in 
2024-04-27 10:01:37,160 level=INFO user=admin msg=logged in 
2024-04-27 12:38:48,109 level=INFO user=admin msg=logged in 
2024-04-28 13:06:48,597 level=INFO user=admin msg=logged in 
2024-04-28 14:55:22,578 level=INFO user=admin msg=logged in 
2024-04-29 04:46:59,285 level=INFO user=admin msg=logged in 
2024-04-29 04:47:01,368 level=INFO user=admin msg=logged in 
2024-04-29 05:07:55,353 level=INFO user=admin msg=logged in 
2024-04-29 05:18:04,338 level=INFO user=admin msg=logged in 
2024-04-29 05:42:19,947 level=INFO user=admin msg=logged in 
2024-04-29 07:55:31,339 level=INFO user=admin msg=logged in 
2024-04-30 12:27:08,909 level=INFO user=admin msg=logged in 
2024-04-30 12:27:12,730 level=INFO user=admin msg=logged in 
2024-04-30 12:29:19,534 level=INFO user=admin msg=logged in 
2024-04-30 12:29:33,770 level=INFO user=nisha msg=logged in 
2024-04-30 12:32:53,889 level=INFO user=admin msg=logged in 
2024-04-30 12:33:20,027 level=INFO user=admin msg=logged in 
2024-04-30 12:37:43,707 level=INFO user=admin msg=logged in 
2024-04-30 12:58:43,252 level=INFO user=admin msg=logged in 
2024-05-02 04:38:37,536 level=INFO user=admin msg=logged in 
2024-05-02 05:24:02,546 level=INFO user=admin msg=logged in 
2024-05-02 05:25:04,062 level=INFO user=admin msg=logged in 
2024-05-02 06:24:59,451 level=INFO user=aastha msg=logged in 
2024-05-02 06:50:01,134 level=INFO user=aastha msg=logged in 
2024-05-02 06:53:40,015 level=INFO user=admin msg=logged in 
2024-05-02 06:56:22,019 level=INFO user=aastha msg=logged in 
2024-05-02 06:59:25,953 level=INFO user=admin msg=logged in 
2024-05-02 07:45:08,447 level=INFO user=preeti msg=logged in 
2024-05-02 07:45:08,634 level=INFO user=preeti msg=logged in 
2024-05-02 07:45:08,772 level=INFO user=preeti msg=logged in 
2024-05-02 07:47:42,463 level=INFO user=preeti msg=logged in 
2024-05-02 07:47:42,521 level=INFO user=preeti msg=logged in 
2024-05-02 07:47:42,600 level=INFO user=preeti msg=logged in 
2024-05-02 10:07:24,811 level=INFO user=admin msg=logged in 
2024-05-02 10:07:24,856 level=INFO user=admin msg=logged in 
2024-05-02 10:07:25,033 level=INFO user=admin msg=logged in 
2024-05-02 12:33:58,145 level=INFO user=admin msg=logged in 
2024-05-03 05:46:15,059 level=INFO user=preeti msg=logged in 
2024-05-03 05:46:15,113 level=INFO user=preeti msg=logged in 
2024-05-03 05:46:15,219 level=INFO user=preeti msg=logged in 
2024-05-03 05:47:34,515 level=INFO user=preeti msg=logged in 
2024-05-03 06:26:09,888 level=INFO user=admin msg=logged in 
2024-05-03 06:28:33,564 level=INFO user=preeti msg=logged in 
2024-05-03 07:20:36,855 level=INFO user=admin msg=logged in 
2024-05-03 07:24:53,198 level=INFO user=admin msg=logged in 
2024-05-03 07:25:08,972 level=INFO user=nisha msg=logged in 
2024-05-03 07:43:02,728 level=INFO user=aastha msg=logged in 
2024-05-03 09:44:08,259 level=INFO user=admin msg=logged in 
2024-05-03 09:50:59,387 level=INFO user=nisha msg=logged in 
2024-05-03 10:42:17,346 level=INFO user=admin msg=logged in 
2024-05-03 12:27:51,213 level=INFO user=nisha msg=logged in 
2024-05-04 06:47:00,574 level=INFO user=preeti msg=logged in 
2024-05-04 06:47:00,671 level=INFO user=preeti msg=logged in 
2024-05-04 06:47:00,784 level=INFO user=preeti msg=logged in 
2024-05-04 08:02:56,234 level=INFO user=admin msg=logged in 
2024-05-04 08:19:40,506 level=INFO user=admin msg=logged in 
2024-05-04 08:47:33,421 level=INFO user=admin msg=logged in 
2024-05-04 09:58:39,480 level=INFO user=nisha msg=logged in 
2024-05-04 10:30:36,594 level=INFO user=administrator msg=logged in 
2024-05-04 10:32:35,615 level=INFO user=administrator msg=logged in 
2024-05-04 10:33:50,999 level=INFO user=admin msg=logged in 
2024-05-04 10:41:40,473 level=INFO user=admin msg=logged in 
2024-05-04 10:44:41,575 level=INFO user=rambabu msg=logged in 
2024-05-04 10:45:15,858 level=INFO user=admin msg=logged in 
2024-05-04 11:05:59,515 level=INFO user=admin msg=logged in 
2024-05-04 11:21:06,131 level=INFO user=Administrator msg=logged in 
2024-05-04 11:21:31,527 level=INFO user=Administrator msg=logged in 
2024-05-04 11:21:57,402 level=INFO user=nisha msg=logged in 
2024-05-04 11:22:23,767 level=INFO user=aastha msg=logged in 
2024-05-04 11:26:34,047 level=INFO user=Administrator msg=logged in 
2024-05-04 11:26:50,694 level=INFO user=admin msg=logged in 
2024-05-04 11:37:10,800 level=INFO user=Administrator msg=logged in 
2024-05-04 11:37:24,656 level=INFO user=admin msg=logged in 
2024-05-04 11:50:01,278 level=INFO user=nisha msg=logged in 
2024-05-06 04:37:01,135 level=INFO user=admin msg=logged in 
2024-05-06 04:52:23,844 level=INFO user=Administrator msg=logged in 
2024-05-06 04:52:48,917 level=INFO user=nisha msg=logged in 
2024-05-06 06:26:32,381 level=INFO user=nisha msg=logged in 
2024-05-06 06:28:28,141 level=INFO user=nisha msg=logged in 
2024-05-06 06:32:48,384 level=INFO user=admin msg=logged in 
2024-05-06 06:33:44,520 level=INFO user=preeti msg=logged in 
2024-05-06 06:41:10,202 level=INFO user=nisha msg=logged in 
2024-05-06 06:57:59,612 level=INFO user=preeti msg=logged in 
2024-05-06 07:59:52,566 level=INFO user=admin msg=logged in 
2024-05-06 08:06:47,155 level=INFO user=Administrator msg=logged in 
2024-05-06 08:07:10,163 level=INFO user=admin msg=logged in 
2024-05-06 08:12:24,010 level=INFO user=administrator msg=logged in 
2024-05-06 08:13:08,963 level=INFO user=admin msg=logged in 
2024-05-06 08:14:37,396 level=INFO user=administrator msg=logged in 
2024-05-06 08:16:03,275 level=INFO user=admin msg=logged in 
2024-05-06 09:30:34,994 level=INFO user=nisha msg=logged in 
2024-05-06 09:35:13,655 level=INFO user=admin msg=logged in 
2024-05-06 09:46:15,167 level=INFO user=preeti msg=logged in 
2024-05-06 10:48:54,353 level=INFO user=nisha msg=logged in 
2024-05-06 12:02:38,453 level=INFO user=preeti msg=logged in 
2024-05-06 12:02:38,867 level=INFO user=preeti msg=logged in 
2024-05-06 12:02:39,015 level=INFO user=preeti msg=logged in 
2024-05-06 12:02:55,891 level=INFO user=admin msg=logged in 
2024-05-06 12:02:55,916 level=INFO user=admin msg=logged in 
2024-05-06 12:02:56,047 level=INFO user=admin msg=logged in 
2024-05-06 12:40:11,716 level=INFO user=administrator msg=logged in 
2024-05-06 12:43:25,141 level=INFO user=preeti msg=logged in 
2024-05-06 12:43:25,320 level=INFO user=preeti msg=logged in 
2024-05-06 12:43:25,385 level=INFO user=preeti msg=logged in 
2024-05-06 13:00:23,678 level=INFO user=preeti msg=logged in 
2024-05-06 13:00:23,711 level=INFO user=preeti msg=logged in 
2024-05-06 13:00:23,738 level=INFO user=preeti msg=logged in 
2024-05-06 13:02:06,408 level=INFO user=nisha msg=logged in 
2024-05-06 13:02:06,433 level=INFO user=nisha msg=logged in 
2024-05-06 13:02:06,641 level=INFO user=nisha msg=logged in 
2024-05-06 13:02:51,368 level=INFO user=nisha msg=logged in 
2024-05-06 13:19:12,234 level=INFO user=preeti msg=logged in 
2024-05-06 14:09:43,424 level=INFO user=nisha msg=logged in 
2024-05-06 14:12:45,555 level=INFO user=preeti msg=logged in 
2024-05-06 14:23:24,588 level=INFO user=nisha msg=logged in 
2024-05-06 14:39:40,957 level=INFO user=administrator msg=logged in 
2024-05-06 14:44:45,064 level=INFO user=administrator msg=logged in 
2024-05-06 14:46:38,291 level=INFO user=nisha msg=logged in 
2024-05-06 14:48:00,747 level=INFO user=administrator msg=logged in 
2024-05-06 14:48:50,458 level=INFO user=administrator msg=logged in 
2024-05-06 14:49:11,188 level=INFO user=admin msg=logged in 
2024-05-06 14:49:11,422 level=INFO user=admin msg=logged in 
2024-05-06 14:49:11,590 level=INFO user=admin msg=logged in 
2024-05-06 14:49:38,422 level=INFO user=admin msg=logged in 
2024-05-06 14:51:19,104 level=INFO user=administrator msg=logged in 
2024-05-06 14:53:21,293 level=INFO user=administrator msg=logged in 
2024-05-06 14:54:11,282 level=INFO user=administrator msg=logged in 
2024-05-06 14:54:41,072 level=INFO user=admin msg=logged in 
2024-05-06 14:54:41,274 level=INFO user=admin msg=logged in 
2024-05-06 14:54:41,333 level=INFO user=admin msg=logged in 
2024-05-06 17:00:46,766 level=INFO user=aastha msg=logged in 
2024-05-06 17:04:33,872 level=INFO user=admin msg=logged in 
2024-05-06 17:06:06,304 level=INFO user=aastha msg=logged in 
2024-05-06 17:13:46,138 level=INFO user=aastha msg=logged in 
2024-05-06 17:55:25,274 level=INFO user=admin msg=logged in 
2024-05-07 04:38:20,339 level=INFO user=admin msg=logged in 
2024-05-07 04:39:14,339 level=INFO user=aastha msg=logged in 
2024-05-07 04:52:03,538 level=INFO user=nisha msg=logged in 
2024-05-07 05:03:25,889 level=INFO user=preeti msg=logged in 
2024-05-07 05:17:06,673 level=INFO user=nisha msg=logged in 
2024-05-07 06:04:07,793 level=INFO user=admin msg=logged in 
2024-05-07 06:09:40,185 level=INFO user=preeti msg=logged in 
2024-05-07 06:09:40,214 level=INFO user=preeti msg=logged in 
2024-05-07 06:09:40,369 level=INFO user=preeti msg=logged in 
2024-05-07 06:24:42,131 level=INFO user=preeti msg=logged in 
2024-05-07 06:27:50,931 level=INFO user=nisha msg=logged in 
2024-05-07 06:40:52,403 level=INFO user=administrator msg=logged in 
2024-05-07 06:42:37,381 level=INFO user=administrator msg=logged in 
2024-05-07 07:02:44,836 level=INFO user=admin msg=logged in 
2024-05-07 07:05:31,747 level=INFO user=administrator msg=logged in 
2024-05-07 07:05:32,927 level=INFO user=preeti msg=logged in 
2024-05-07 07:06:22,342 level=INFO user=admin msg=logged in 
2024-05-07 07:07:00,074 level=INFO user=nisha msg=logged in 
2024-05-07 07:07:54,008 level=INFO user=preeti msg=logged in 
2024-05-07 09:56:50,347 level=INFO user=nisha msg=logged in 
2024-05-07 10:01:48,282 level=INFO user=nisha msg=logged in 
2024-05-07 12:18:23,115 level=INFO user=rambabu msg=logged in 
2024-05-07 12:19:02,515 level=INFO user=admin msg=logged in 
2024-05-07 12:27:50,553 level=INFO user=mihir.patil msg=logged in 
2024-05-07 12:28:34,853 level=INFO user=admin msg=logged in 
2024-05-08 05:53:02,398 level=INFO user=admin msg=logged in 
2024-05-08 06:38:20,397 level=INFO user=admin msg=logged in 
2024-05-08 06:39:18,761 level=INFO user=rambabu msg=logged in 
2024-05-08 06:40:16,830 level=INFO user=admin msg=logged in 
2024-05-08 07:01:42,332 level=INFO user=nisha msg=logged in 
2024-05-08 09:11:52,189 level=INFO user=nisha msg=logged in 
2024-05-08 09:17:32,150 level=INFO user=admin msg=logged in 
2024-05-08 09:30:31,098 level=INFO user=nisha msg=logged in 
2024-05-08 10:43:30,925 level=INFO user=admin msg=logged in 
2024-05-08 11:28:40,596 level=INFO user=preeti msg=logged in 
2024-05-08 11:29:13,324 level=INFO user=preeti msg=logged in 
2024-05-09 04:52:33,414 level=INFO user=admin msg=logged in 
2024-05-09 06:47:38,638 level=INFO user=admin msg=logged in 
2024-05-10 05:51:40,569 level=INFO user=rambabu msg=logged in 
2024-05-10 05:52:02,858 level=INFO user=admin msg=logged in 
2024-05-10 05:55:09,465 level=INFO user=Administrator msg=logged in 
2024-05-10 05:58:14,885 level=INFO user=admin msg=logged in 
2024-05-10 05:59:28,153 level=INFO user=rambabu msg=logged in 
2024-05-10 06:00:10,926 level=INFO user=rambabu msg=logged in 
2024-05-10 06:00:28,710 level=INFO user=Administrator msg=logged in 
2024-05-10 06:01:00,485 level=INFO user=admin msg=logged in 
2024-05-10 06:56:45,080 level=INFO user=admin msg=logged in 
2024-05-10 11:21:01,444 level=INFO user=admin msg=logged in 
2024-05-10 11:51:33,505 level=INFO user=nisha msg=logged in 
2024-05-10 11:55:15,730 level=INFO user=admin msg=logged in 
2024-05-10 12:05:46,509 level=INFO user=rambabu msg=logged in 
2024-05-10 12:06:27,353 level=INFO user=rambabu msg=logged in 
2024-05-10 12:07:44,014 level=INFO user=nisha msg=logged in 
2024-05-10 12:25:30,930 level=INFO user=admin msg=logged in 
2024-05-10 12:29:12,178 level=INFO user=Administrator msg=logged in 
2024-05-10 12:30:33,260 level=INFO user=Administrator msg=logged in 
2024-05-10 12:30:53,967 level=INFO user=rambabu msg=logged in 
2024-05-10 12:32:09,664 level=INFO user=admin msg=logged in 
2024-05-10 12:43:01,118 level=INFO user=Administrator msg=logged in 
2024-05-10 12:43:55,870 level=INFO user=admin msg=logged in 
2024-05-11 04:37:50,354 level=INFO user=admin msg=logged in 
2024-05-11 04:39:45,435 level=INFO user=rambabu msg=logged in 
2024-05-11 04:40:10,982 level=INFO user=Administrator msg=logged in 
2024-05-11 04:40:34,908 level=INFO user=rambabu msg=logged in 
2024-05-11 04:40:55,611 level=INFO user=aastha msg=logged in 
2024-05-11 04:41:57,315 level=INFO user=rambabu msg=logged in 
2024-05-11 04:42:41,616 level=INFO user=admin msg=logged in 
2024-05-11 04:51:08,736 level=INFO user=admin msg=logged in 
2024-05-11 04:52:18,582 level=INFO user=rambabu msg=logged in 
2024-05-11 05:31:54,704 level=INFO user=nisha msg=logged in 
2024-05-11 05:33:37,377 level=INFO user=nisha msg=logged in 
2024-05-11 05:56:48,901 level=INFO user=aastha msg=logged in 
2024-05-11 06:04:33,282 level=INFO user=nisha msg=logged in 
2024-05-11 06:09:42,090 level=INFO user=rambabu msg=logged in 
2024-05-11 06:10:19,011 level=INFO user=nisha msg=logged in 
2024-05-11 06:11:06,172 level=INFO user=admin msg=logged in 
2024-05-11 06:50:31,073 level=INFO user=nisha msg=logged in 
2024-05-11 07:00:17,340 level=INFO user=admin msg=logged in 
2024-05-11 07:01:37,815 level=INFO user=admin msg=logged in 
2024-05-11 07:31:24,856 level=INFO user=admin msg=logged in 
2024-05-11 07:39:00,270 level=INFO user=admin msg=logged in 
2024-05-11 07:56:35,271 level=INFO user=admin msg=logged in 
2024-05-11 07:58:11,684 level=INFO user=admin msg=logged in 
2024-05-11 07:59:35,287 level=INFO user=nisha msg=logged in 
2024-05-11 09:28:37,372 level=INFO user=nisha msg=logged in 
2024-05-11 10:09:51,074 level=INFO user=admin msg=logged in 
2024-05-11 10:12:43,366 level=INFO user=admin msg=logged in 
2024-05-11 10:15:08,103 level=INFO user=admin msg=logged in 
2024-05-11 10:17:57,512 level=INFO user=Administrator msg=logged in 
2024-05-11 10:18:29,744 level=INFO user=rambabu msg=logged in 
2024-05-11 10:18:53,716 level=INFO user=admin msg=logged in 
2024-05-11 10:19:58,111 level=INFO user=Administrator msg=logged in 
2024-05-11 10:20:20,805 level=INFO user=admin msg=logged in 
2024-05-11 10:34:30,298 level=INFO user=admin msg=logged in 
2024-05-11 10:34:53,466 level=INFO user=admin msg=logged in 
2024-05-11 10:40:21,899 level=INFO user=admin msg=logged in 
2024-05-11 12:07:14,432 level=INFO user=admin msg=logged in 
2024-05-11 12:09:18,270 level=INFO user=admin msg=logged in 
2024-05-11 12:09:19,710 level=INFO user=admin msg=logged in 
2024-05-11 12:11:47,116 level=INFO user=admin msg=logged in 
2024-05-13 05:02:53,602 level=INFO user=admin msg=logged in 
2024-05-13 05:09:58,320 level=INFO user=nisha msg=logged in 
2024-05-13 05:10:16,810 level=INFO user=admin msg=logged in 
2024-05-13 07:17:14,004 level=INFO user=admin msg=logged in 
2024-05-13 07:28:03,018 level=INFO user=admin msg=logged in 
2024-05-13 07:29:22,096 level=INFO user=admin msg=logged in 
2024-05-13 09:42:06,967 level=INFO user=admin msg=logged in 
2024-05-13 09:43:44,880 level=INFO user=admin msg=logged in 
2024-05-13 09:46:55,521 level=INFO user=admin msg=logged in 
2024-05-13 11:07:19,796 level=INFO user=admin msg=logged in 
2024-05-13 11:09:32,791 level=INFO user=admin msg=logged in 
2024-05-13 11:12:22,131 level=INFO user=rambabu msg=logged in 
2024-05-13 11:15:23,200 level=INFO user=admin msg=logged in 
2024-05-13 11:54:33,973 level=INFO user=nisha msg=logged in 
2024-05-13 11:57:00,911 level=INFO user=admin msg=logged in 
2024-05-14 04:39:54,508 level=INFO user=admin msg=logged in 
2024-05-14 12:08:45,261 level=INFO user=nisha msg=logged in 
2024-05-14 14:07:45,369 level=INFO user=aastha msg=logged in 
2024-05-14 14:08:19,748 level=INFO user=nisha msg=logged in 
2024-05-14 14:08:42,511 level=INFO user=admin msg=logged in 
2024-05-14 14:50:28,698 level=INFO user=admin msg=logged in 
2024-05-15 04:46:52,950 level=INFO user=admin msg=logged in 
2024-05-16 04:25:39,326 level=INFO user=admin msg=logged in 
2024-05-16 04:27:03,967 level=INFO user=admin msg=logged in 
2024-05-16 04:48:08,581 level=INFO user=admin msg=logged in 
2024-05-16 04:48:45,938 level=INFO user=admin msg=logged in 
2024-05-16 05:43:55,268 level=INFO user=admin msg=logged in 
2024-05-16 05:45:45,906 level=INFO user=admin msg=logged in 
2024-05-16 05:46:41,953 level=INFO user=admin msg=logged in 
2024-05-16 10:06:44,145 level=INFO user=admin msg=logged in 
2024-05-16 11:40:31,574 level=INFO user=admin msg=logged in 
2024-05-17 04:53:42,738 level=INFO user=admin msg=logged in 
2024-05-17 05:25:20,462 level=INFO user=aastha msg=logged in 
2024-05-17 06:54:53,713 level=INFO user=admin msg=logged in 
2024-05-17 11:27:26,592 level=INFO user=admin msg=logged in 
2024-05-17 11:27:27,210 level=INFO user=admin msg=logged in 
2024-05-17 11:27:27,251 level=INFO user=admin msg=logged in 
2024-05-17 15:48:22,735 level=INFO user=admin msg=logged in 
2024-05-17 15:49:38,665 level=INFO user=admin msg=logged in 
2024-05-17 16:34:35,471 level=INFO user=aastha msg=logged in 
2024-05-18 06:18:46,397 level=INFO user=admin msg=logged in 
2024-05-18 07:27:11,120 level=INFO user=nisha msg=logged in 
2024-05-18 07:28:00,972 level=INFO user=aastha msg=logged in 
2024-05-18 07:30:01,476 level=INFO user=admin msg=logged in 
2024-05-18 08:22:20,639 level=INFO user=aastha msg=logged in 
2024-05-18 08:46:21,477 level=INFO user=aastha msg=logged in 
2024-05-18 08:46:21,766 level=INFO user=aastha msg=logged in 
2024-05-18 08:46:21,856 level=INFO user=aastha msg=logged in 
2024-05-21 12:05:12,489 level=INFO user=admin msg=logged in 
2024-05-22 04:31:06,633 level=INFO user=admin msg=logged in 
2024-05-22 04:44:52,139 level=INFO user=admin msg=logged in 
2024-05-22 04:55:40,168 level=INFO user=rambabu msg=logged in 
2024-05-22 05:50:54,089 level=INFO user=rambabu msg=logged in 
2024-05-22 05:51:16,254 level=INFO user=admin msg=logged in 
2024-05-22 05:51:37,421 level=INFO user=nisha msg=logged in 
2024-05-22 09:51:16,562 level=INFO user=nisha msg=logged in 
2024-05-22 09:52:45,741 level=INFO user=admin msg=logged in 
2024-05-22 09:53:37,294 level=INFO user=rambabu msg=logged in 
2024-05-22 10:08:11,141 level=INFO user=nisha msg=logged in 
2024-05-22 11:46:34,050 level=INFO user=nisha msg=logged in 
2024-05-23 04:24:10,909 level=INFO user=admin msg=logged in 
2024-05-23 04:37:21,033 level=INFO user=nisha msg=logged in 
2024-05-23 04:48:06,249 level=INFO user=admin msg=logged in 
2024-05-23 07:56:55,022 level=INFO user=nisha msg=logged in 
2024-05-23 07:57:11,397 level=INFO user=admin msg=logged in 
2024-05-23 09:55:23,289 level=INFO user=admin msg=logged in 
2024-05-23 09:55:23,924 level=INFO user=admin msg=logged in 
2024-05-23 10:35:54,946 level=INFO user=admin msg=logged in 
2024-05-23 10:38:39,665 level=INFO user=nisha msg=logged in 
2024-05-23 10:41:03,486 level=INFO user=nisha msg=logged in 
2024-05-23 11:08:05,066 level=INFO user=nisha msg=logged in 
2024-05-23 11:14:46,174 level=INFO user=admin msg=logged in 
2024-05-23 11:22:07,037 level=INFO user=admin msg=logged in 
2024-05-23 11:27:33,032 level=INFO user=rambabu msg=logged in 
2024-05-23 11:34:44,411 level=INFO user=admin msg=logged in 
2024-05-23 12:32:45,144 level=INFO user=admin msg=logged in 
2024-05-23 12:32:59,042 level=INFO user=nisha msg=logged in 
2024-05-24 04:21:15,195 level=INFO user=rambabu msg=logged in 
2024-05-24 04:21:35,153 level=INFO user=nisha msg=logged in 
2024-05-24 04:47:56,323 level=INFO user=nisha msg=logged in 
2024-05-24 06:45:57,740 level=INFO user=nisha msg=logged in 
2024-05-24 06:49:41,126 level=INFO user=nisha msg=logged in 
2024-05-24 06:55:19,316 level=INFO user=rambabu msg=logged in 
2024-05-24 06:56:06,566 level=INFO user=rambabu msg=logged in 
2024-05-24 06:59:03,095 level=INFO user=rambabu msg=logged in 
2024-05-24 07:02:52,515 level=INFO user=rambabu msg=logged in 
2024-05-24 07:06:46,789 level=INFO user=rambabu msg=logged in 
2024-05-24 07:09:48,288 level=INFO user=rambabu msg=logged in 
2024-05-24 07:10:14,170 level=INFO user=nisha msg=logged in 
2024-05-24 07:16:36,904 level=INFO user=nisha msg=logged in 
2024-05-24 07:27:56,767 level=INFO user=nisha msg=logged in 
2024-05-24 10:59:32,034 level=INFO user=nisha msg=logged in 
2024-05-24 10:59:50,727 level=INFO user=admin msg=logged in 
2024-05-24 11:05:20,193 level=INFO user=nisha msg=logged in 
2024-05-24 11:09:29,317 level=INFO user=admin msg=logged in 
2024-05-24 11:10:06,083 level=INFO user=nisha msg=logged in 
2024-05-24 11:12:48,393 level=INFO user=admin msg=logged in 
2024-05-24 11:13:31,900 level=INFO user=admin msg=logged in 
2024-05-24 11:23:10,529 level=INFO user=rambabu msg=logged in 
